k__Bacteria	99.995203
k__Bacteria|p__Proteobacteria	82.950094
k__Bacteria|p__Proteobacteria|c__Alphaproteobacteria	55.368822
k__Bacteria|p__Proteobacteria|c__Alphaproteobacteria|o__Rhizobiales	50.352325
k__Bacteria|p__Proteobacteria|c__Alphaproteobacteria|o__Rhizobiales|f__Rhizobiaceae	43.453476
k__Bacteria|p__Proteobacteria|c__Alphaproteobacteria|o__Rhizobiales|f__Rhizobiaceae|g__Rhizobium	43.417230
k__Bacteria|p__Proteobacteria|c__Alphaproteobacteria|o__Rhizobiales|f__Rhizobiaceae|g__Kaistia	0.009061
k__Bacteria|p__Proteobacteria|c__Alphaproteobacteria|o__Rhizobiales|f__Rhizobiaceae|g__Sinorhizobium	0.000800
k__Bacteria|p__Proteobacteria|c__Alphaproteobacteria|o__Rhizobiales|f__Methylobacteriaceae	0.540747
k__Bacteria|p__Proteobacteria|c__Alphaproteobacteria|o__Rhizobiales|f__Methylobacteriaceae|g__Methylobacterium	0.526089
k__Bacteria|p__Proteobacteria|c__Alphaproteobacteria|o__Rhizobiales|f__Methylobacteriaceae|g__Microvirga	0.008528
k__Bacteria|p__Proteobacteria|c__Alphaproteobacteria|o__Rhizobiales|f__Aurantimonadaceae	1.210483
k__Bacteria|p__Proteobacteria|c__Alphaproteobacteria|o__Rhizobiales|f__Aurantimonadaceae|g__Martelella	1.094286
k__Bacteria|p__Proteobacteria|c__Alphaproteobacteria|o__Rhizobiales|f__Aurantimonadaceae|g__Aurantimonas	0.045307
k__Bacteria|p__Proteobacteria|c__Alphaproteobacteria|o__Rhizobiales|f__Aurantimonadaceae|g__Fulvimarina	0.000267
k__Bacteria|p__Proteobacteria|c__Alphaproteobacteria|o__Rhizobiales|f__Brucellaceae	0.392035
k__Bacteria|p__Proteobacteria|c__Alphaproteobacteria|o__Rhizobiales|f__Brucellaceae|g__Daeguia	0.199082
k__Bacteria|p__Proteobacteria|c__Alphaproteobacteria|o__Rhizobiales|f__Brucellaceae|g__Pseudochrobactrum	0.070625
k__Bacteria|p__Proteobacteria|c__Alphaproteobacteria|o__Rhizobiales|f__Brucellaceae|g__Crabtreella	0.000800
k__Bacteria|p__Proteobacteria|c__Alphaproteobacteria|o__Rhizobiales|f__Brucellaceae|g__Paenochrobactrum	0.000267
k__Bacteria|p__Proteobacteria|c__Alphaproteobacteria|o__Rhizobiales|f__Brucellaceae|g__unclassified_Brucellaceae	0.121262
k__Bacteria|p__Proteobacteria|c__Alphaproteobacteria|o__Rhizobiales|f__Hyphomicrobiaceae	0.872284
k__Bacteria|p__Proteobacteria|c__Alphaproteobacteria|o__Rhizobiales|f__Hyphomicrobiaceae|g__Devosia	0.867486
k__Bacteria|p__Proteobacteria|c__Alphaproteobacteria|o__Rhizobiales|f__Hyphomicrobiaceae|g__Gemmiger	0.000533
k__Bacteria|p__Proteobacteria|c__Alphaproteobacteria|o__Rhizobiales|f__Hyphomicrobiaceae|g__Angulomicrobium	0.003465
k__Bacteria|p__Proteobacteria|c__Alphaproteobacteria|o__Rhizobiales|f__Methylocystaceae	1.626237
k__Bacteria|p__Proteobacteria|c__Alphaproteobacteria|o__Rhizobiales|f__Methylocystaceae|g__Methylopila	1.576400
k__Bacteria|p__Proteobacteria|c__Alphaproteobacteria|o__Rhizobiales|f__Methylocystaceae|g__Hansschlegelia	0.029049
k__Bacteria|p__Proteobacteria|c__Alphaproteobacteria|o__Rhizobiales|f__Methylocystaceae|g__Methylocystis	0.000800
k__Bacteria|p__Proteobacteria|c__Alphaproteobacteria|o__Rhizobiales|f__Bradyrhizobiaceae	0.625496
k__Bacteria|p__Proteobacteria|c__Alphaproteobacteria|o__Rhizobiales|f__Bradyrhizobiaceae|g__Rhodopseudomonas	0.387504
k__Bacteria|p__Proteobacteria|c__Alphaproteobacteria|o__Rhizobiales|f__Bradyrhizobiaceae|g__Blastobacter	0.097276
k__Bacteria|p__Proteobacteria|c__Alphaproteobacteria|o__Rhizobiales|f__Bradyrhizobiaceae|g__Bosea	0.086615
k__Bacteria|p__Proteobacteria|c__Alphaproteobacteria|o__Rhizobiales|f__Bradyrhizobiaceae|g__Bradyrhizobium	0.006663
k__Bacteria|p__Proteobacteria|c__Alphaproteobacteria|o__Rhizobiales|f__Bradyrhizobiaceae|g__Agromonas	0.003731
k__Bacteria|p__Proteobacteria|c__Alphaproteobacteria|o__Rhizobiales|f__Bradyrhizobiaceae|g__Balneimonas	0.007729
k__Bacteria|p__Proteobacteria|c__Alphaproteobacteria|o__Rhizobiales|f__Bradyrhizobiaceae|g__Nitrobacter	0.001599
k__Bacteria|p__Proteobacteria|c__Alphaproteobacteria|o__Rhizobiales|f__Bradyrhizobiaceae|g__Salinarimonas	0.000267
k__Bacteria|p__Proteobacteria|c__Alphaproteobacteria|o__Rhizobiales|f__Phyllobacteriaceae	0.049837
k__Bacteria|p__Proteobacteria|c__Alphaproteobacteria|o__Rhizobiales|f__Phyllobacteriaceae|g__Mesorhizobium	0.035179
k__Bacteria|p__Proteobacteria|c__Alphaproteobacteria|o__Rhizobiales|f__Phyllobacteriaceae|g__Aminobacter	0.004797
k__Bacteria|p__Proteobacteria|c__Alphaproteobacteria|o__Rhizobiales|f__Phyllobacteriaceae|g__Phyllobacterium	0.001333
k__Bacteria|p__Proteobacteria|c__Alphaproteobacteria|o__Rhizobiales|f__Rhizobiales_incertae_sedis	0.028516
k__Bacteria|p__Proteobacteria|c__Alphaproteobacteria|o__Rhizobiales|f__Rhizobiales_incertae_sedis|g__Vasilyevaea	0.027983
k__Bacteria|p__Proteobacteria|c__Alphaproteobacteria|o__Rhizobiales|f__Methylobacteriaceae|g__unclassified_Methylobacteriaceae	0.006130
k__Bacteria|p__Proteobacteria|c__Alphaproteobacteria|o__Rhizobiales|f__Methylocystaceae|g__unclassified_Methylocystaceae	0.019988
k__Bacteria|p__Proteobacteria|c__Alphaproteobacteria|o__Rhizobiales|f__Rhizobiaceae|g__unclassified_Rhizobiaceae	0.026384
k__Bacteria|p__Proteobacteria|c__Alphaproteobacteria|o__Rhizobiales|f__Bradyrhizobiaceae|g__unclassified_Bradyrhizobiaceae	0.034113
k__Bacteria|p__Proteobacteria|c__Alphaproteobacteria|o__Rhizobiales|f__Aurantimonadaceae|g__unclassified_Aurantimonadaceae	0.070625
k__Bacteria|p__Proteobacteria|c__Alphaproteobacteria|o__Rhizobiales|f__Beijerinckiaceae	0.015458
k__Bacteria|p__Proteobacteria|c__Alphaproteobacteria|o__Rhizobiales|f__Beijerinckiaceae|g__Beijerinckia	0.010394
k__Bacteria|p__Proteobacteria|c__Alphaproteobacteria|o__Rhizobiales|f__Beijerinckiaceae|g__Chelatococcus	0.000533
k__Bacteria|p__Proteobacteria|c__Alphaproteobacteria|o__Rhizobiales|f__Beijerinckiaceae|g__Methylovirgula	0.000267
k__Bacteria|p__Proteobacteria|c__Alphaproteobacteria|o__Rhizobiales|f__Phyllobacteriaceae|g__unclassified_Phyllobacteriaceae	0.008528
k__Bacteria|p__Proteobacteria|c__Alphaproteobacteria|o__Rhizobiales|f__Xanthobacteraceae	0.001066
k__Bacteria|p__Proteobacteria|c__Alphaproteobacteria|o__Rhizobiales|f__Xanthobacteraceae|g__Pseudolabrys	0.000533
k__Bacteria|p__Proteobacteria|c__Alphaproteobacteria|o__Rhizobiales|f__Xanthobacteraceae|g__Ancylobacter	0.000267
k__Bacteria|p__Proteobacteria|c__Alphaproteobacteria|o__Rhizobiales|f__Xanthobacteraceae|g__unclassified_Xanthobacteraceae	0.000267
k__Bacteria|p__Proteobacteria|c__Alphaproteobacteria|o__Rhizobiales|f__Beijerinckiaceae|g__unclassified_Beijerinckiaceae	0.004264
k__Bacteria|p__Proteobacteria|c__Alphaproteobacteria|o__Rhizobiales|f__Hyphomicrobiaceae|g__unclassified_Hyphomicrobiaceae	0.000800
k__Bacteria|p__Proteobacteria|c__Alphaproteobacteria|o__Rhizobiales|f__Rhodobiaceae	0.001333
k__Bacteria|p__Proteobacteria|c__Alphaproteobacteria|o__Rhizobiales|f__Rhodobiaceae|g__Rhodobium	0.001333
k__Bacteria|p__Proteobacteria|c__Alphaproteobacteria|o__Rhizobiales|f__Rhizobiales_incertae_sedis|g__unclassified_Rhizobiales_incertae_sedis	0.000533
k__Bacteria|p__Proteobacteria|c__Alphaproteobacteria|o__Caulobacterales	0.526355
k__Bacteria|p__Proteobacteria|c__Alphaproteobacteria|o__Caulobacterales|f__Caulobacteraceae	0.523690
k__Bacteria|p__Proteobacteria|c__Alphaproteobacteria|o__Caulobacterales|f__Caulobacteraceae|g__Brevundimonas	0.360587
k__Bacteria|p__Proteobacteria|c__Alphaproteobacteria|o__Caulobacterales|f__Caulobacteraceae|g__Caulobacter	0.074622
k__Bacteria|p__Proteobacteria|c__Alphaproteobacteria|o__Caulobacterales|f__Caulobacteraceae|g__Phenylobacterium	0.006929
k__Bacteria|p__Proteobacteria|c__Alphaproteobacteria|o__Caulobacterales|f__Caulobacteraceae|g__Asticcacaulis	0.026651
k__Bacteria|p__Proteobacteria|c__Alphaproteobacteria|o__Caulobacterales|f__Caulobacteraceae|g__unclassified_Caulobacteraceae	0.054901
k__Bacteria|p__Proteobacteria|c__Alphaproteobacteria|o__Sphingomonadales	3.470479
k__Bacteria|p__Proteobacteria|c__Alphaproteobacteria|o__Sphingomonadales|f__Sphingomonadaceae	3.307642
k__Bacteria|p__Proteobacteria|c__Alphaproteobacteria|o__Sphingomonadales|f__Sphingomonadaceae|g__Novosphingobium	2.151526
k__Bacteria|p__Proteobacteria|c__Alphaproteobacteria|o__Sphingomonadales|f__Sphingomonadaceae|g__Sphingomonas	0.890939
k__Bacteria|p__Proteobacteria|c__Alphaproteobacteria|o__Sphingomonadales|f__Sphingomonadaceae|g__Sandaracinobacter	0.005330
k__Bacteria|p__Proteobacteria|c__Alphaproteobacteria|o__Sphingomonadales|f__Sphingomonadaceae|g__Sphingobium	0.025585
k__Bacteria|p__Proteobacteria|c__Alphaproteobacteria|o__Sphingomonadales|f__Sphingomonadaceae|g__Blastomonas	0.036245
k__Bacteria|p__Proteobacteria|c__Alphaproteobacteria|o__Sphingomonadales|f__Sphingomonadaceae|g__Sphingosinicella	0.026384
k__Bacteria|p__Proteobacteria|c__Alphaproteobacteria|o__Sphingomonadales|f__Sphingomonadaceae|g__Stakelama	0.009594
k__Bacteria|p__Proteobacteria|c__Alphaproteobacteria|o__Sphingomonadales|f__Sphingomonadaceae|g__Sphingopyxis	0.003731
k__Bacteria|p__Proteobacteria|c__Alphaproteobacteria|o__Sphingomonadales|f__Sphingomonadaceae|g__Zymomonas	0.000267
k__Bacteria|p__Proteobacteria|c__Alphaproteobacteria|o__Sphingomonadales|f__Sphingomonadaceae|g__Sandarakinorhabdus	0.000267
k__Bacteria|p__Proteobacteria|c__Alphaproteobacteria|o__Sphingomonadales|f__Sphingomonadaceae|g__unclassified_Sphingomonadaceae	0.157773
k__Bacteria|p__Proteobacteria|c__Alphaproteobacteria|o__Sphingomonadales|f__Erythrobacteraceae	0.041842
k__Bacteria|p__Proteobacteria|c__Alphaproteobacteria|o__Sphingomonadales|f__Erythrobacteraceae|g__Croceicoccus	0.026118
k__Bacteria|p__Proteobacteria|c__Alphaproteobacteria|o__Sphingomonadales|f__Erythrobacteraceae|g__Altererythrobacter	0.006130
k__Bacteria|p__Proteobacteria|c__Alphaproteobacteria|o__Sphingomonadales|f__Erythrobacteraceae|g__Erythrobacter	0.001066
k__Bacteria|p__Proteobacteria|c__Alphaproteobacteria|o__Sphingomonadales|f__Erythrobacteraceae|g__Porphyrobacter	0.000267
k__Bacteria|p__Proteobacteria|c__Alphaproteobacteria|o__Sphingomonadales|f__Erythrobacteraceae|g__Erythromicrobium	0.000533
k__Bacteria|p__Proteobacteria|c__Alphaproteobacteria|o__Sphingomonadales|f__Erythrobacteraceae|g__unclassified_Erythrobacteraceae	0.007729
k__Bacteria|p__Proteobacteria|c__Alphaproteobacteria|o__Rhizobiales|f__unclassified_Rhizobiales	1.535358
k__Bacteria|p__Proteobacteria|c__Alphaproteobacteria|o__Rhodospirillales	0.415754
k__Bacteria|p__Proteobacteria|c__Alphaproteobacteria|o__Rhodospirillales|f__Acetobacteraceae	0.406426
k__Bacteria|p__Proteobacteria|c__Alphaproteobacteria|o__Rhodospirillales|f__Acetobacteraceae|g__Roseomonas	0.360853
k__Bacteria|p__Proteobacteria|c__Alphaproteobacteria|o__Rhodospirillales|f__Acetobacteraceae|g__Belnapia	0.012259
k__Bacteria|p__Proteobacteria|c__Alphaproteobacteria|o__Rhodospirillales|f__Acetobacteraceae|g__Acidiphilium	0.001066
k__Bacteria|p__Proteobacteria|c__Alphaproteobacteria|o__Rhodospirillales|f__Acetobacteraceae|g__Acidisoma	0.001333
k__Bacteria|p__Proteobacteria|c__Alphaproteobacteria|o__Rhodospirillales|f__Acetobacteraceae|g__Granulibacter	0.000800
k__Bacteria|p__Proteobacteria|c__Alphaproteobacteria|o__Rhodospirillales|f__Acetobacteraceae|g__Gluconobacter	0.000267
k__Bacteria|p__Proteobacteria|c__Alphaproteobacteria|o__Rhodospirillales|f__Acetobacteraceae|g__unclassified_Acetobacteraceae	0.029849
k__Bacteria|p__Proteobacteria|c__Alphaproteobacteria|o__Rhodospirillales|f__Rhodospirillaceae	0.008528
k__Bacteria|p__Proteobacteria|c__Alphaproteobacteria|o__Rhodospirillales|f__Rhodospirillaceae|g__Skermanella	0.007196
k__Bacteria|p__Proteobacteria|c__Alphaproteobacteria|o__Rhodospirillales|f__Rhodospirillaceae|g__Dongia	0.000267
k__Bacteria|p__Proteobacteria|c__Alphaproteobacteria|o__Rhodospirillales|f__Rhodospirillaceae|g__Inquilinus	0.000267
k__Bacteria|p__Proteobacteria|c__Alphaproteobacteria|o__Rhodospirillales|f__Rhodospirillaceae|g__unclassified_Rhodospirillaceae	0.000800
k__Bacteria|p__Proteobacteria|c__Alphaproteobacteria|o__Sphingomonadales|f__unclassified_Sphingomonadales	0.120995
k__Bacteria|p__Proteobacteria|c__Alphaproteobacteria|o__Alphaproteobacteria_incertae_sedis	0.012792
k__Bacteria|p__Proteobacteria|c__Alphaproteobacteria|o__Alphaproteobacteria_incertae_sedis|g__Geminicoccus	0.012259
k__Bacteria|p__Proteobacteria|c__Alphaproteobacteria|o__Alphaproteobacteria_incertae_sedis|g__Rhizomicrobium	0.000533
k__Bacteria|p__Proteobacteria|c__Alphaproteobacteria|o__Rhodobacterales	0.001333
k__Bacteria|p__Proteobacteria|c__Alphaproteobacteria|o__Rhodobacterales|f__Rhodobacteraceae	0.001333
k__Bacteria|p__Proteobacteria|c__Alphaproteobacteria|o__Rhodobacterales|f__Rhodobacteraceae|g__Paracoccus	0.000267
k__Bacteria|p__Proteobacteria|c__Alphaproteobacteria|o__Rhodobacterales|f__Rhodobacteraceae|g__Amaricoccus	0.000533
k__Bacteria|p__Proteobacteria|c__Alphaproteobacteria|o__Rhodobacterales|f__Rhodobacteraceae|g__Mameliella	0.000267
k__Bacteria|p__Proteobacteria|c__Alphaproteobacteria|o__Rhodobacterales|f__Rhodobacteraceae|g__unclassified_Rhodobacteraceae	0.000267
k__Bacteria|p__Proteobacteria|c__Alphaproteobacteria|o__Caulobacterales|f__unclassified_Caulobacterales	0.002665
k__Bacteria|p__Proteobacteria|c__Alphaproteobacteria|o__Rhodospirillales|f__unclassified_Rhodospirillales	0.000800
k__Bacteria|p__Proteobacteria|c__Gammaproteobacteria	21.852130
k__Bacteria|p__Proteobacteria|c__Gammaproteobacteria|o__Pseudomonadales	10.636103
k__Bacteria|p__Proteobacteria|c__Gammaproteobacteria|o__Pseudomonadales|f__Pseudomonadaceae	10.613184
k__Bacteria|p__Proteobacteria|c__Gammaproteobacteria|o__Pseudomonadales|f__Pseudomonadaceae|g__Pseudomonas	9.640160
k__Bacteria|p__Proteobacteria|c__Gammaproteobacteria|o__Pseudomonadales|f__Pseudomonadaceae|g__Azomonas	0.280101
k__Bacteria|p__Proteobacteria|c__Gammaproteobacteria|o__Pseudomonadales|f__Pseudomonadaceae|g__Serpens	0.029049
k__Bacteria|p__Proteobacteria|c__Gammaproteobacteria|o__Pseudomonadales|f__Pseudomonadaceae|g__Rugamonas	0.029849
k__Bacteria|p__Proteobacteria|c__Gammaproteobacteria|o__Pseudomonadales|f__Pseudomonadaceae|g__Rhizobacter	0.003731
k__Bacteria|p__Proteobacteria|c__Gammaproteobacteria|o__Pseudomonadales|f__Pseudomonadaceae|g__Azorhizophilus	0.003198
k__Bacteria|p__Proteobacteria|c__Gammaproteobacteria|o__Pseudomonadales|f__Pseudomonadaceae|g__unclassified_Pseudomonadaceae	0.627095
k__Bacteria|p__Proteobacteria|c__Gammaproteobacteria|o__Pseudomonadales|f__Moraxellaceae	0.009328
k__Bacteria|p__Proteobacteria|c__Gammaproteobacteria|o__Pseudomonadales|f__Moraxellaceae|g__Acinetobacter	0.008262
k__Bacteria|p__Proteobacteria|c__Gammaproteobacteria|o__Pseudomonadales|f__Moraxellaceae|g__Moraxella	0.000267
k__Bacteria|p__Proteobacteria|c__Gammaproteobacteria|o__Pseudomonadales|f__Moraxellaceae|g__Enhydrobacter	0.000267
k__Bacteria|p__Proteobacteria|c__Gammaproteobacteria|o__Pseudomonadales|f__Moraxellaceae|g__unclassified_Moraxellaceae	0.000533
k__Bacteria|p__Proteobacteria|c__Gammaproteobacteria|o__Xanthomonadales	5.728609
k__Bacteria|p__Proteobacteria|c__Gammaproteobacteria|o__Xanthomonadales|f__Xanthomonadaceae	5.727543
k__Bacteria|p__Proteobacteria|c__Gammaproteobacteria|o__Xanthomonadales|f__Xanthomonadaceae|g__Xanthomonas	5.180933
k__Bacteria|p__Proteobacteria|c__Gammaproteobacteria|o__Xanthomonadales|f__Xanthomonadaceae|g__Pseudoxanthomonas	0.078354
k__Bacteria|p__Proteobacteria|c__Gammaproteobacteria|o__Xanthomonadales|f__Xanthomonadaceae|g__Stenotrophomonas	0.016790
k__Bacteria|p__Proteobacteria|c__Gammaproteobacteria|o__Xanthomonadales|f__Xanthomonadaceae|g__Aspromonas	0.014658
k__Bacteria|p__Proteobacteria|c__Gammaproteobacteria|o__Xanthomonadales|f__Xanthomonadaceae|g__Xylella	0.001333
k__Bacteria|p__Proteobacteria|c__Gammaproteobacteria|o__Xanthomonadales|f__Xanthomonadaceae|g__Luteimonas	0.001599
k__Bacteria|p__Proteobacteria|c__Gammaproteobacteria|o__Xanthomonadales|f__Xanthomonadaceae|g__Dyella	0.000267
k__Bacteria|p__Proteobacteria|c__Gammaproteobacteria|o__Xanthomonadales|f__Xanthomonadaceae|g__unclassified_Xanthomonadaceae	0.433610
k__Bacteria|p__Proteobacteria|c__Gammaproteobacteria|o__Enterobacteriales	5.251558
k__Bacteria|p__Proteobacteria|c__Gammaproteobacteria|o__Enterobacteriales|f__Enterobacteriaceae	5.251558
k__Bacteria|p__Proteobacteria|c__Gammaproteobacteria|o__Enterobacteriales|f__Enterobacteriaceae|g__Pantoea	3.960322
k__Bacteria|p__Proteobacteria|c__Gammaproteobacteria|o__Enterobacteriales|f__Enterobacteriaceae|g__Leclercia	0.029049
k__Bacteria|p__Proteobacteria|c__Gammaproteobacteria|o__Enterobacteriales|f__Enterobacteriaceae|g__Samsonia	0.127391
k__Bacteria|p__Proteobacteria|c__Gammaproteobacteria|o__Enterobacteriales|f__Enterobacteriaceae|g__Erwinia	0.083684
k__Bacteria|p__Proteobacteria|c__Gammaproteobacteria|o__Enterobacteriales|f__Enterobacteriaceae|g__Raoultella	0.029049
k__Bacteria|p__Proteobacteria|c__Gammaproteobacteria|o__Enterobacteriales|f__Enterobacteriaceae|g__Klebsiella	0.002665
k__Bacteria|p__Proteobacteria|c__Gammaproteobacteria|o__Enterobacteriales|f__Enterobacteriaceae|g__Biostraticola	0.000267
k__Bacteria|p__Proteobacteria|c__Gammaproteobacteria|o__Enterobacteriales|f__Enterobacteriaceae|g__Enterobacter	0.002132
k__Bacteria|p__Proteobacteria|c__Gammaproteobacteria|o__Enterobacteriales|f__Enterobacteriaceae|g__Yokenella	0.001066
k__Bacteria|p__Proteobacteria|c__Gammaproteobacteria|o__Enterobacteriales|f__Enterobacteriaceae|g__Escherichia/Shigella	0.001866
k__Bacteria|p__Proteobacteria|c__Gammaproteobacteria|o__Enterobacteriales|f__Enterobacteriaceae|g__Trabulsiella	0.000533
k__Bacteria|p__Proteobacteria|c__Gammaproteobacteria|o__Enterobacteriales|f__Enterobacteriaceae|g__Gibbsiella	0.000267
k__Bacteria|p__Proteobacteria|c__Gammaproteobacteria|o__Enterobacteriales|f__Enterobacteriaceae|g__unclassified_Enterobacteriaceae	1.013267
k__Bacteria|p__Proteobacteria|c__Gammaproteobacteria|o__Legionellales	0.005863
k__Bacteria|p__Proteobacteria|c__Gammaproteobacteria|o__Legionellales|f__Legionellaceae	0.005863
k__Bacteria|p__Proteobacteria|c__Gammaproteobacteria|o__Legionellales|f__Legionellaceae|g__Legionella	0.005863
k__Bacteria|p__Proteobacteria|c__Gammaproteobacteria|o__Pseudomonadales|f__unclassified_Pseudomonadales	0.013592
k__Bacteria|p__Proteobacteria|c__Gammaproteobacteria|o__Oceanospirillales	0.001066
k__Bacteria|p__Proteobacteria|c__Gammaproteobacteria|o__Oceanospirillales|f__Oceanospirillaceae	0.000533
k__Bacteria|p__Proteobacteria|c__Gammaproteobacteria|o__Oceanospirillales|f__Oceanospirillaceae|g__unclassified_Oceanospirillaceae	0.000533
k__Bacteria|p__Proteobacteria|c__Gammaproteobacteria|o__Oceanospirillales|f__unclassified_Oceanospirillales	0.000533
k__Bacteria|p__Proteobacteria|c__Gammaproteobacteria|o__Xanthomonadales|f__unclassified_Xanthomonadales	0.001066
k__Bacteria|p__Proteobacteria|c__Alphaproteobacteria|o__unclassified_Alphaproteobacteria	0.589784
k__Bacteria|p__Proteobacteria|c__Gammaproteobacteria|o__unclassified_Gammaproteobacteria	0.228931
k__Bacteria|p__Proteobacteria|c__Betaproteobacteria	2.448151
k__Bacteria|p__Proteobacteria|c__Betaproteobacteria|o__Burkholderiales	2.116880
k__Bacteria|p__Proteobacteria|c__Betaproteobacteria|o__Burkholderiales|f__Comamonadaceae	0.596713
k__Bacteria|p__Proteobacteria|c__Betaproteobacteria|o__Burkholderiales|f__Comamonadaceae|g__Variovorax	0.440539
k__Bacteria|p__Proteobacteria|c__Betaproteobacteria|o__Burkholderiales|f__Comamonadaceae|g__Pseudorhodoferax	0.003198
k__Bacteria|p__Proteobacteria|c__Betaproteobacteria|o__Burkholderiales|f__Comamonadaceae|g__Rhodoferax	0.002132
k__Bacteria|p__Proteobacteria|c__Betaproteobacteria|o__Burkholderiales|f__Comamonadaceae|g__Polaromonas	0.021054
k__Bacteria|p__Proteobacteria|c__Betaproteobacteria|o__Burkholderiales|f__Comamonadaceae|g__Xenophilus	0.022120
k__Bacteria|p__Proteobacteria|c__Betaproteobacteria|o__Burkholderiales|f__Comamonadaceae|g__Ramlibacter	0.002399
k__Bacteria|p__Proteobacteria|c__Betaproteobacteria|o__Burkholderiales|f__Comamonadaceae|g__Delftia	0.000267
k__Bacteria|p__Proteobacteria|c__Betaproteobacteria|o__Burkholderiales|f__Comamonadaceae|g__Diaphorobacter	0.000267
k__Bacteria|p__Proteobacteria|c__Betaproteobacteria|o__Burkholderiales|f__Comamonadaceae|g__Acidovorax	0.001599
k__Bacteria|p__Proteobacteria|c__Betaproteobacteria|o__Burkholderiales|f__Comamonadaceae|g__Caenimonas	0.000267
k__Bacteria|p__Proteobacteria|c__Betaproteobacteria|o__Burkholderiales|f__Comamonadaceae|g__Schlegelella	0.000267
k__Bacteria|p__Proteobacteria|c__Betaproteobacteria|o__Burkholderiales|f__Comamonadaceae|g__Ottowia	0.000267
k__Bacteria|p__Proteobacteria|c__Betaproteobacteria|o__Burkholderiales|f__Comamonadaceae|g__Hylemonella	0.000267
k__Bacteria|p__Proteobacteria|c__Betaproteobacteria|o__Burkholderiales|f__Comamonadaceae|g__Comamonas	0.000267
k__Bacteria|p__Proteobacteria|c__Betaproteobacteria|o__Burkholderiales|f__Oxalobacteraceae	1.408500
k__Bacteria|p__Proteobacteria|c__Betaproteobacteria|o__Burkholderiales|f__Oxalobacteraceae|g__Massilia	0.878680
k__Bacteria|p__Proteobacteria|c__Betaproteobacteria|o__Burkholderiales|f__Oxalobacteraceae|g__Naxibacter	0.133254
k__Bacteria|p__Proteobacteria|c__Betaproteobacteria|o__Burkholderiales|f__Oxalobacteraceae|g__Duganella	0.076755
k__Bacteria|p__Proteobacteria|c__Betaproteobacteria|o__Burkholderiales|f__Oxalobacteraceae|g__Janthinobacterium	0.063962
k__Bacteria|p__Proteobacteria|c__Betaproteobacteria|o__Burkholderiales|f__Oxalobacteraceae|g__Oxalicibacterium	0.007462
k__Bacteria|p__Proteobacteria|c__Betaproteobacteria|o__Burkholderiales|f__Oxalobacteraceae|g__Herminiimonas	0.002132
k__Bacteria|p__Proteobacteria|c__Betaproteobacteria|o__Burkholderiales|f__Oxalobacteraceae|g__Telluria	0.005330
k__Bacteria|p__Proteobacteria|c__Betaproteobacteria|o__Burkholderiales|f__Oxalobacteraceae|g__Oxalobacter	0.000267
k__Bacteria|p__Proteobacteria|c__Betaproteobacteria|o__Burkholderiales|f__Oxalobacteraceae|g__unclassified_Oxalobacteraceae	0.240658
k__Bacteria|p__Proteobacteria|c__Betaproteobacteria|o__Burkholderiales|f__Comamonadaceae|g__unclassified_Comamonadaceae	0.101806
k__Bacteria|p__Proteobacteria|c__Betaproteobacteria|o__Burkholderiales|f__Alcaligenaceae	0.022387
k__Bacteria|p__Proteobacteria|c__Betaproteobacteria|o__Burkholderiales|f__Alcaligenaceae|g__Pigmentiphaga	0.003465
k__Bacteria|p__Proteobacteria|c__Betaproteobacteria|o__Burkholderiales|f__Alcaligenaceae|g__Bordetella	0.000267
k__Bacteria|p__Proteobacteria|c__Betaproteobacteria|o__Burkholderiales|f__Alcaligenaceae|g__Advenella	0.000800
k__Bacteria|p__Proteobacteria|c__Betaproteobacteria|o__Burkholderiales|f__Alcaligenaceae|g__unclassified_Alcaligenaceae	0.017856
k__Bacteria|p__Proteobacteria|c__Betaproteobacteria|o__Burkholderiales|f__Burkholderiales_incertae_sedis	0.023186
k__Bacteria|p__Proteobacteria|c__Betaproteobacteria|o__Burkholderiales|f__Burkholderiales_incertae_sedis|g__Leptothrix	0.007995
k__Bacteria|p__Proteobacteria|c__Betaproteobacteria|o__Burkholderiales|f__Burkholderiales_incertae_sedis|g__Aquabacterium	0.000533
k__Bacteria|p__Proteobacteria|c__Betaproteobacteria|o__Burkholderiales|f__Burkholderiales_incertae_sedis|g__unclassified_Burkholderiales_incertae_sedis	0.014658
k__Bacteria|p__Proteobacteria|c__Betaproteobacteria|o__Burkholderiales|f__Burkholderiaceae	0.001599
k__Bacteria|p__Proteobacteria|c__Betaproteobacteria|o__Burkholderiales|f__Burkholderiaceae|g__Ralstonia	0.001333
k__Bacteria|p__Proteobacteria|c__Betaproteobacteria|o__Burkholderiales|f__Burkholderiaceae|g__Wautersia	0.000267
k__Bacteria|p__Proteobacteria|c__Betaproteobacteria|o__Rhodocyclales	0.322209
k__Bacteria|p__Proteobacteria|c__Betaproteobacteria|o__Rhodocyclales|f__Rhodocyclaceae	0.322209
k__Bacteria|p__Proteobacteria|c__Betaproteobacteria|o__Rhodocyclales|f__Rhodocyclaceae|g__Shinella	0.322209
k__Bacteria|p__Proteobacteria|c__Betaproteobacteria|o__Burkholderiales|f__unclassified_Burkholderiales	0.064495
k__Bacteria|p__Proteobacteria|c__Betaproteobacteria|o__Nitrosomonadales	0.000800
k__Bacteria|p__Proteobacteria|c__Betaproteobacteria|o__Nitrosomonadales|f__Nitrosomonadaceae	0.000800
k__Bacteria|p__Proteobacteria|c__Betaproteobacteria|o__Nitrosomonadales|f__Nitrosomonadaceae|g__Nitrosospira	0.000800
k__Bacteria|p__Proteobacteria|c__Betaproteobacteria|o__Methylophilales	0.000267
k__Bacteria|p__Proteobacteria|c__Betaproteobacteria|o__Methylophilales|f__Methylophilaceae	0.000267
k__Bacteria|p__Proteobacteria|c__Betaproteobacteria|o__Methylophilales|f__Methylophilaceae|g__Methylophilus	0.000267
k__Bacteria|p__Proteobacteria|c__Deltaproteobacteria	0.070625
k__Bacteria|p__Proteobacteria|c__Deltaproteobacteria|o__Myxococcales	0.004531
k__Bacteria|p__Proteobacteria|c__Deltaproteobacteria|o__Bdellovibrionales	0.065028
k__Bacteria|p__Proteobacteria|c__Deltaproteobacteria|o__Bdellovibrionales|f__Bdellovibrionaceae	0.064495
k__Bacteria|p__Proteobacteria|c__Deltaproteobacteria|o__Bdellovibrionales|f__Bdellovibrionaceae|g__Bdellovibrio	0.064495
k__Bacteria|p__Proteobacteria|c__Deltaproteobacteria|o__Bdellovibrionales|f__Bacteriovoracaceae	0.000533
k__Bacteria|p__Proteobacteria|c__Deltaproteobacteria|o__Bdellovibrionales|f__Bacteriovoracaceae|g__Peredibacter	0.000533
k__Bacteria|p__Proteobacteria|c__Deltaproteobacteria|o__Myxococcales|f__unclassified_Myxococcales	0.000267
k__Bacteria|p__Proteobacteria|c__Betaproteobacteria|o__unclassified_Betaproteobacteria	0.007995
k__Bacteria|p__Proteobacteria|c__Deltaproteobacteria|o__unclassified_Deltaproteobacteria	0.001066
k__Bacteria|p__Actinobacteria	13.984788
k__Bacteria|p__Actinobacteria|c__Actinobacteria	13.984788
k__Bacteria|p__Actinobacteria|c__Actinobacteria|o__unclassified_Actinobacteria	0.010660
k__Bacteria|p__Proteobacteria|c__unclassified_Proteobacteria	3.210366
k__Bacteria|p__Bacteroidetes	2.540629
k__Bacteria|p__Bacteroidetes|c__Sphingobacteria	2.090762
k__Bacteria|p__Bacteroidetes|c__Sphingobacteria|o__Sphingobacteriales	2.090762
k__Bacteria|p__Bacteroidetes|c__Sphingobacteria|o__Sphingobacteriales|f__Cytophagaceae	0.906663
k__Bacteria|p__Bacteroidetes|c__Sphingobacteria|o__Sphingobacteriales|f__Cytophagaceae|g__Dyadobacter	0.342997
k__Bacteria|p__Bacteroidetes|c__Sphingobacteria|o__Sphingobacteriales|f__Cytophagaceae|g__Hymenobacter	0.507166
k__Bacteria|p__Bacteroidetes|c__Sphingobacteria|o__Sphingobacteriales|f__Cytophagaceae|g__Fibrella	0.003998
k__Bacteria|p__Bacteroidetes|c__Sphingobacteria|o__Sphingobacteriales|f__Cytophagaceae|g__Siphonobacter	0.000533
k__Bacteria|p__Bacteroidetes|c__Sphingobacteria|o__Sphingobacteriales|f__Cytophagaceae|g__Spirosoma	0.022653
k__Bacteria|p__Bacteroidetes|c__Sphingobacteria|o__Sphingobacteriales|f__Cytophagaceae|g__Adhaeribacter	0.007729
k__Bacteria|p__Bacteroidetes|c__Sphingobacteria|o__Sphingobacteriales|f__Cytophagaceae|g__Rhodocytophaga	0.000533
k__Bacteria|p__Bacteroidetes|c__Sphingobacteria|o__Sphingobacteriales|f__Sphingobacteriaceae	0.949571
k__Bacteria|p__Bacteroidetes|c__Sphingobacteria|o__Sphingobacteriales|f__Sphingobacteriaceae|g__Pedobacter	0.826444
k__Bacteria|p__Bacteroidetes|c__Sphingobacteria|o__Sphingobacteriales|f__Sphingobacteriaceae|g__Mucilaginibacter	0.067960
k__Bacteria|p__Bacteroidetes|c__Sphingobacteria|o__Sphingobacteriales|f__Sphingobacteriaceae|g__Nubsella	0.023719
k__Bacteria|p__Bacteroidetes|c__Sphingobacteria|o__Sphingobacteriales|f__Sphingobacteriaceae|g__Pseudosphingobacterium	0.000267
k__Bacteria|p__Bacteroidetes|c__Sphingobacteria|o__Sphingobacteriales|f__Cytophagaceae|g__unclassified_Cytophagaceae	0.021054
k__Bacteria|p__Bacteroidetes|c__Sphingobacteria|o__Sphingobacteriales|f__Sphingobacteriaceae|g__unclassified_Sphingobacteriaceae	0.031182
k__Bacteria|p__Bacteroidetes|c__Sphingobacteria|o__Sphingobacteriales|f__Chitinophagaceae	0.223601
k__Bacteria|p__Bacteroidetes|c__Sphingobacteria|o__Sphingobacteriales|f__Chitinophagaceae|g__Chitinophaga	0.139384
k__Bacteria|p__Bacteroidetes|c__Sphingobacteria|o__Sphingobacteriales|f__Chitinophagaceae|g__Segetibacter	0.014658
k__Bacteria|p__Bacteroidetes|c__Sphingobacteria|o__Sphingobacteriales|f__Chitinophagaceae|g__Ferruginibacter	0.014924
k__Bacteria|p__Bacteroidetes|c__Sphingobacteria|o__Sphingobacteriales|f__Chitinophagaceae|g__Filimonas	0.004264
k__Bacteria|p__Bacteroidetes|c__Sphingobacteria|o__Sphingobacteriales|f__Chitinophagaceae|g__Sediminibacterium	0.001066
k__Bacteria|p__Bacteroidetes|c__Sphingobacteria|o__Sphingobacteriales|f__Chitinophagaceae|g__Terrimonas	0.000267
k__Bacteria|p__Bacteroidetes|c__Sphingobacteria|o__Sphingobacteriales|f__Chitinophagaceae|g__Flavitalea	0.000533
k__Bacteria|p__Bacteroidetes|c__Sphingobacteria|o__Sphingobacteriales|f__Chitinophagaceae|g__Flavisolibacter	0.000533
k__Bacteria|p__Bacteroidetes|c__Sphingobacteria|o__Sphingobacteriales|f__Chitinophagaceae|g__Hydrotalea	0.000267
k__Bacteria|p__Bacteroidetes|c__Sphingobacteria|o__Sphingobacteriales|f__Chitinophagaceae|g__Parasegetibacter	0.000267
k__Bacteria|p__Bacteroidetes|c__Sphingobacteria|o__Sphingobacteriales|f__Chitinophagaceae|g__unclassified_Chitinophagaceae	0.047439
k__Bacteria|p__Bacteroidetes|c__Sphingobacteria|o__Sphingobacteriales|f__Flammeovirgaceae	0.000267
k__Bacteria|p__Bacteroidetes|c__Sphingobacteria|o__Sphingobacteriales|f__Flammeovirgaceae|g__unclassified_Flammeovirgaceae	0.000267
k__Bacteria|p__Bacteroidetes|c__Sphingobacteria|o__Sphingobacteriales|f__unclassified_Sphingobacteriales	0.010660
k__Bacteria|p__Bacteroidetes|c__Flavobacteria	0.444537
k__Bacteria|p__Bacteroidetes|c__Flavobacteria|o__Flavobacteriales	0.444537
k__Bacteria|p__Bacteroidetes|c__Flavobacteria|o__Flavobacteriales|f__Flavobacteriaceae	0.442938
k__Bacteria|p__Bacteroidetes|c__Flavobacteria|o__Flavobacteriales|f__Flavobacteriaceae|g__Flavobacterium	0.268374
k__Bacteria|p__Bacteroidetes|c__Flavobacteria|o__Flavobacteriales|f__Flavobacteriaceae|g__Chryseobacterium	0.111667
k__Bacteria|p__Bacteroidetes|c__Flavobacteria|o__Flavobacteriales|f__Flavobacteriaceae|g__Epilithonimonas	0.027717
k__Bacteria|p__Bacteroidetes|c__Flavobacteria|o__Flavobacteriales|f__Flavobacteriaceae|g__Soonwooa	0.005064
k__Bacteria|p__Bacteroidetes|c__Flavobacteria|o__Flavobacteriales|f__Flavobacteriaceae|g__Planobacterium	0.000267
k__Bacteria|p__Bacteroidetes|c__Flavobacteria|o__Flavobacteriales|f__Flavobacteriaceae|g__Persicivirga	0.001066
k__Bacteria|p__Bacteroidetes|c__Flavobacteria|o__Flavobacteriales|f__Flavobacteriaceae|g__Meridianimaribacter	0.000267
k__Bacteria|p__Bacteroidetes|c__Flavobacteria|o__Flavobacteriales|f__Flavobacteriaceae|g__unclassified_Flavobacteriaceae	0.028516
k__Bacteria|p__Bacteroidetes|c__Flavobacteria|o__Flavobacteriales|f__Cryomorphaceae	0.001066
k__Bacteria|p__Bacteroidetes|c__Flavobacteria|o__Flavobacteriales|f__Cryomorphaceae|g__Fluviicola	0.000800
k__Bacteria|p__Bacteroidetes|c__Flavobacteria|o__Flavobacteriales|f__Cryomorphaceae|g__Owenweeksia	0.000267
k__Bacteria|p__Bacteroidetes|c__Flavobacteria|o__Flavobacteriales|f__unclassified_Flavobacteriales	0.000533
k__Bacteria|p__Firmicutes	0.085816
k__Bacteria|p__Firmicutes|c__Bacilli	0.050104
k__Bacteria|p__Firmicutes|c__Bacilli|o__Bacillales	0.049571
k__Bacteria|p__Firmicutes|c__Bacilli|o__Bacillales|f__Staphylococcaceae	0.001333
k__Bacteria|p__Firmicutes|c__Bacilli|o__Bacillales|f__Staphylococcaceae|g__Staphylococcus	0.001333
k__Bacteria|p__Firmicutes|c__Bacilli|o__Bacillales|f__Paenibacillaceae 1	0.043707
k__Bacteria|p__Firmicutes|c__Bacilli|o__Bacillales|f__Paenibacillaceae 1|g__Paenibacillus	0.031448
k__Bacteria|p__Firmicutes|c__Bacilli|o__Bacillales|f__Paenibacillaceae 1|g__Fontibacillus	0.009861
k__Bacteria|p__Firmicutes|c__Bacilli|o__Bacillales|f__Paenibacillaceae 1|g__unclassified_Paenibacillaceae 1	0.002399
k__Bacteria|p__Firmicutes|c__Bacilli|o__Bacillales|f__Bacillaceae 1	0.002399
k__Bacteria|p__Firmicutes|c__Bacilli|o__Bacillales|f__Bacillaceae 1|g__Bacillus	0.002399
k__Bacteria|p__Firmicutes|c__Bacilli|o__Bacillales|f__Bacillaceae 2	0.000267
k__Bacteria|p__Firmicutes|c__Bacilli|o__Bacillales|f__Bacillaceae 2|g__Pontibacillus	0.000267
k__Bacteria|p__Firmicutes|c__Bacilli|o__Bacillales|f__unclassified_Bacillales	0.001866
k__Bacteria|p__Firmicutes|c__Bacilli|o__Lactobacillales	0.000267
k__Bacteria|p__Firmicutes|c__Bacilli|o__Lactobacillales|f__Streptococcaceae	0.000267
k__Bacteria|p__Firmicutes|c__Bacilli|o__Lactobacillales|f__Streptococcaceae|g__Streptococcus	0.000267
k__Bacteria|p__Firmicutes|c__Clostridia	0.023453
k__Bacteria|p__Firmicutes|c__Clostridia|o__Clostridiales	0.022653
k__Bacteria|p__Firmicutes|c__Clostridia|o__Clostridiales|f__Lachnospiraceae	0.003198
k__Bacteria|p__Firmicutes|c__Clostridia|o__Clostridiales|f__Lachnospiraceae|g__Blautia	0.001866
k__Bacteria|p__Firmicutes|c__Clostridia|o__Clostridiales|f__Lachnospiraceae|g__unclassified_Lachnospiraceae	0.001333
k__Bacteria|p__Firmicutes|c__Clostridia|o__Clostridiales|f__Ruminococcaceae	0.016524
k__Bacteria|p__Firmicutes|c__Clostridia|o__Clostridiales|f__Ruminococcaceae|g__Faecalibacterium	0.000533
k__Bacteria|p__Firmicutes|c__Clostridia|o__Clostridiales|f__Ruminococcaceae|g__unclassified_Ruminococcaceae	0.015991
k__Bacteria|p__Firmicutes|c__Clostridia|o__Clostridiales|f__Clostridiales_Incertae Sedis XI	0.000267
k__Bacteria|p__Firmicutes|c__Clostridia|o__Clostridiales|f__Clostridiales_Incertae Sedis XI|g__Finegoldia	0.000267
k__Bacteria|p__Firmicutes|c__Clostridia|o__Clostridiales|f__Peptostreptococcaceae	0.000533
k__Bacteria|p__Firmicutes|c__Clostridia|o__Clostridiales|f__Peptostreptococcaceae|g__Clostridium XI	0.000533
k__Bacteria|p__Firmicutes|c__Clostridia|o__Clostridiales|f__unclassified_Clostridiales	0.002132
k__Bacteria|p__Firmicutes|c__Clostridia|o__Thermoanaerobacterales	0.000267
k__Bacteria|p__Firmicutes|c__Clostridia|o__Thermoanaerobacterales|f__Thermoanaerobacteraceae	0.000267
k__Bacteria|p__Firmicutes|c__Clostridia|o__Thermoanaerobacterales|f__Thermoanaerobacteraceae|g__unclassified_Thermoanaerobacteraceae	0.000267
k__Bacteria|p__Firmicutes|c__Clostridia|o__unclassified_Clostridia	0.000533
k__Bacteria|p__Firmicutes|c__Bacilli|o__unclassified_Bacilli	0.000267
k__Bacteria|p__Chlamydiae	0.018922
k__Bacteria|p__Chlamydiae|c__Chlamydiae	0.018922
k__Bacteria|p__Chlamydiae|c__Chlamydiae|o__Chlamydiales	0.018922
k__Bacteria|p__Chlamydiae|c__Chlamydiae|o__Chlamydiales|f__Parachlamydiaceae	0.018922
k__Bacteria|p__Chlamydiae|c__Chlamydiae|o__Chlamydiales|f__Parachlamydiaceae|g__Parachlamydia	0.016524
k__Bacteria|p__Chlamydiae|c__Chlamydiae|o__Chlamydiales|f__Parachlamydiaceae|g__Neochlamydia	0.000800
k__Bacteria|p__Chlamydiae|c__Chlamydiae|o__Chlamydiales|f__Parachlamydiaceae|g__unclassified_Parachlamydiaceae	0.001599
k__Bacteria|p__Firmicutes|c__unclassified_Firmicutes	0.012259
k__Bacteria|p__Armatimonadetes	0.002932
k__Bacteria|p__Armatimonadetes|g__Armatimonadetes_gp5	0.001599
k__Bacteria|p__Armatimonadetes|c__Armatimonadia	0.001333
k__Bacteria|p__Armatimonadetes|c__Armatimonadia|o__Armatimonadales	0.001333
k__Bacteria|p__Armatimonadetes|c__Armatimonadia|o__Armatimonadales|f__Armatimonadaceae	0.001333
k__Bacteria|p__Armatimonadetes|c__Armatimonadia|o__Armatimonadales|f__Armatimonadaceae|g__Armatimonas/Armatimonadetes_gp1	0.001333
k__Bacteria|p__Bacteroidetes|c__unclassified_Bacteroidetes	0.005330
k__Bacteria|p__Acidobacteria	0.005597
k__Bacteria|p__Acidobacteria|c__Acidobacteria_Gp1	0.002932
k__Bacteria|p__Acidobacteria|c__Acidobacteria_Gp1|g__Acidobacterium	0.000267
k__Bacteria|p__Acidobacteria|c__Acidobacteria_Gp1|g__Gp1	0.001599
k__Bacteria|p__Acidobacteria|c__Acidobacteria_Gp1|g__Terriglobus	0.000267
k__Bacteria|p__Acidobacteria|c__Acidobacteria_Gp1|o__unclassified_Acidobacteria_Gp1	0.000800
k__Bacteria|p__Acidobacteria|c__Acidobacteria_Gp3	0.002399
k__Bacteria|p__Acidobacteria|c__Acidobacteria_Gp3|g__Gp3	0.002132
k__Bacteria|p__Acidobacteria|c__Acidobacteria_Gp3|g__Bryobacter	0.000267
k__Bacteria|p__Acidobacteria|c__Acidobacteria_Gp10	0.000267
k__Bacteria|p__Acidobacteria|c__Acidobacteria_Gp10|g__Gp10	0.000267
k__Bacteria|p__Gemmatimonadetes	0.009861
k__Bacteria|p__Gemmatimonadetes|c__Gemmatimonadetes	0.009861
k__Bacteria|p__Gemmatimonadetes|c__Gemmatimonadetes|o__Gemmatimonadales	0.009861
k__Bacteria|p__Gemmatimonadetes|c__Gemmatimonadetes|o__Gemmatimonadales|f__Gemmatimonadaceae	0.009861
k__Bacteria|p__Gemmatimonadetes|c__Gemmatimonadetes|o__Gemmatimonadales|f__Gemmatimonadaceae|g__Gemmatimonas	0.009861
k__Bacteria|p__TM7	0.001333
k__Bacteria|p__TM7|g__TM7_genera_incertae_sedis	0.001333
k__Bacteria|p__Verrucomicrobia	0.000800
k__Bacteria|p__Verrucomicrobia|c__Spartobacteria	0.000267
k__Bacteria|p__Verrucomicrobia|c__Spartobacteria|g__Spartobacteria_genera_incertae_sedis	0.000267
k__Bacteria|p__Verrucomicrobia|c__Subdivision3	0.000533
k__Bacteria|p__Verrucomicrobia|c__Subdivision3|g__Subdivision3_genera_incertae_sedis	0.000533
k__Bacteria|p__Deinococcus-Thermus	0.002665
k__Bacteria|p__Deinococcus-Thermus|c__Deinococci	0.002665
k__Bacteria|p__Deinococcus-Thermus|c__Deinococci|o__Deinococcales	0.002665
k__Bacteria|p__Deinococcus-Thermus|c__Deinococci|o__Deinococcales|f__Deinococcaceae	0.002665
k__Bacteria|p__Deinococcus-Thermus|c__Deinococci|o__Deinococcales|f__Deinococcaceae|g__Deinococcus	0.002665
k__Bacteria|p__Planctomycetes	0.002399
k__Bacteria|p__Planctomycetes|c__Phycisphaerae	0.001333
k__Bacteria|p__Planctomycetes|c__Phycisphaerae|o__Phycisphaerales	0.001333
k__Bacteria|p__Planctomycetes|c__Phycisphaerae|o__Phycisphaerales|f__Phycisphaeraceae	0.001333
k__Bacteria|p__Planctomycetes|c__Phycisphaerae|o__Phycisphaerales|f__Phycisphaeraceae|g__Phycisphaera	0.001333
k__Bacteria|p__Planctomycetes|c__Planctomycetacia	0.000267
k__Bacteria|p__Planctomycetes|c__Planctomycetacia|o__Planctomycetales	0.000267
k__Bacteria|p__Planctomycetes|c__Planctomycetacia|o__Planctomycetales|f__Planctomycetaceae	0.000267
k__Bacteria|p__Planctomycetes|c__Planctomycetacia|o__Planctomycetales|f__Planctomycetaceae|g__unclassified_Planctomycetaceae	0.000267
k__Bacteria|p__Chloroflexi	0.001333
k__Bacteria|p__Chloroflexi|c__Ktedonobacteria	0.001066
k__Bacteria|p__Chloroflexi|c__Ktedonobacteria|o__Ktedonobacterales	0.001066
k__Bacteria|p__Chloroflexi|c__Ktedonobacteria|o__Ktedonobacterales|f__Thermosporotrichaceae	0.000533
k__Bacteria|p__Chloroflexi|c__Ktedonobacteria|o__Ktedonobacterales|f__Thermosporotrichaceae|g__Thermosporothrix	0.000533
k__Bacteria|p__Chloroflexi|c__Ktedonobacteria|o__Ktedonobacterales|f__Ktedonobacteraceae	0.000267
k__Bacteria|p__Chloroflexi|c__Ktedonobacteria|o__Ktedonobacterales|f__Ktedonobacteraceae|g__Ktedonobacter	0.000267
k__Bacteria|p__Chloroflexi|c__Ktedonobacteria|o__Ktedonobacterales|f__unclassified_Ktedonobacterales	0.000267
k__Bacteria|p__Chloroflexi|c__Thermomicrobia	0.000267
k__Bacteria|p__Planctomycetes|c__unclassified_Planctomycetes	0.000800
k__Bacteria|p__Nitrospira	0.000800
k__Bacteria|p__Nitrospira|c__Nitrospira	0.000800
k__Bacteria|p__Nitrospira|c__Nitrospira|o__Nitrospirales	0.000800
k__Bacteria|p__Nitrospira|c__Nitrospira|o__Nitrospirales|f__Nitrospiraceae	0.000800
k__Bacteria|p__Nitrospira|c__Nitrospira|o__Nitrospirales|f__Nitrospiraceae|g__Nitrospira	0.000800
k__Bacteria|p__OD1	0.000533
k__Bacteria|p__OD1|g__OD1_genera_incertae_sedis	0.000533
k__Bacteria|p__unclassified_Bacteria	0.386704
k__unclassified_Root	0.003731
k__Archaea	0.001066
k__Archaea|p__Crenarchaeota	0.000800
k__Archaea|p__Crenarchaeota|c__Thermoprotei	0.000800
k__Archaea|p__Crenarchaeota|c__Thermoprotei|o__Desulfurococcales	0.000267
k__Archaea|p__Crenarchaeota|c__Thermoprotei|o__Desulfurococcales|f__Pyrodictiaceae	0.000267
k__Archaea|p__Crenarchaeota|c__Thermoprotei|o__Desulfurococcales|f__Pyrodictiaceae|g__Pyrolobus	0.000267
k__Archaea|p__Crenarchaeota|c__Thermoprotei|o__unclassified_Thermoprotei	0.000533
k__Archaea|p__unclassified_Archaea	0.000267
